<?xml version="1.0" encoding="UTF-8"?>
<coverage generated="1677773287141" clover="3.2.0">
  <project timestamp="1677773287141" name="All files">
    <metrics statements="149" coveredstatements="148" conditionals="44" coveredconditionals="41" methods="32" coveredmethods="32" elements="225" coveredelements="221" complexity="0" loc="149" ncloc="149" packages="6" files="13" classes="13"/>
    <package name="src">
      <metrics statements="12" coveredstatements="12" conditionals="4" coveredconditionals="3" methods="0" coveredmethods="0"/>
      <file name="app.ts" path="/Users/edgar/Desktop/Edgar/volvo/congestion-tax-calculator/src/app.ts">
        <metrics statements="12" coveredstatements="12" conditionals="4" coveredconditionals="3" methods="0" coveredmethods="0"/>
        <line num="1" count="2" type="stmt"/>
        <line num="2" count="2" type="stmt"/>
        <line num="4" count="2" type="stmt"/>
        <line num="5" count="2" type="stmt"/>
        <line num="8" count="2" type="stmt"/>
        <line num="9" count="2" type="stmt"/>
        <line num="12" count="2" type="cond" truecount="3" falsecount="1"/>
        <line num="14" count="2" type="stmt"/>
        <line num="15" count="2" type="stmt"/>
        <line num="17" count="2" type="stmt"/>
        <line num="19" count="2" type="stmt"/>
        <line num="21" count="2" type="stmt"/>
      </file>
    </package>
    <package name="src.apps.Controllers">
      <metrics statements="16" coveredstatements="15" conditionals="2" coveredconditionals="2" methods="4" coveredmethods="4"/>
      <file name="StatusGetController.ts" path="/Users/edgar/Desktop/Edgar/volvo/congestion-tax-calculator/src/apps/Controllers/StatusGetController.ts">
        <metrics statements="4" coveredstatements="4" conditionals="0" coveredconditionals="0" methods="2" coveredmethods="2"/>
        <line num="5" count="2" type="stmt"/>
        <line num="6" count="2" type="stmt"/>
        <line num="7" count="1" type="stmt"/>
        <line num="9" count="2" type="stmt"/>
      </file>
      <file name="TaxCalculatorPostController.ts" path="/Users/edgar/Desktop/Edgar/volvo/congestion-tax-calculator/src/apps/Controllers/TaxCalculatorPostController.ts">
        <metrics statements="12" coveredstatements="11" conditionals="2" coveredconditionals="2" methods="2" coveredmethods="2"/>
        <line num="5" count="2" type="stmt"/>
        <line num="8" count="2" type="stmt"/>
        <line num="9" count="2" type="stmt"/>
        <line num="10" count="2" type="stmt"/>
        <line num="11" count="2" type="stmt"/>
        <line num="17" count="2" type="stmt"/>
        <line num="19" count="2" type="stmt"/>
        <line num="21" count="2" type="cond" truecount="2" falsecount="0"/>
        <line num="23" count="2" type="stmt"/>
        <line num="29" count="2" type="stmt"/>
        <line num="31" count="0" type="stmt"/>
        <line num="34" count="2" type="stmt"/>
      </file>
    </package>
    <package name="src.apps.routes">
      <metrics statements="13" coveredstatements="13" conditionals="0" coveredconditionals="0" methods="3" coveredmethods="3"/>
      <file name="index.ts" path="/Users/edgar/Desktop/Edgar/volvo/congestion-tax-calculator/src/apps/routes/index.ts">
        <metrics statements="5" coveredstatements="5" conditionals="0" coveredconditionals="0" methods="1" coveredmethods="1"/>
        <line num="3" count="2" type="stmt"/>
        <line num="4" count="2" type="stmt"/>
        <line num="6" count="2" type="stmt"/>
        <line num="7" count="2" type="stmt"/>
        <line num="8" count="2" type="stmt"/>
      </file>
      <file name="status.routes.ts" path="/Users/edgar/Desktop/Edgar/volvo/congestion-tax-calculator/src/apps/routes/status.routes.ts">
        <metrics statements="4" coveredstatements="4" conditionals="0" coveredconditionals="0" methods="1" coveredmethods="1"/>
        <line num="3" count="2" type="stmt"/>
        <line num="5" count="2" type="stmt"/>
        <line num="6" count="2" type="stmt"/>
        <line num="8" count="2" type="stmt"/>
      </file>
      <file name="tax.routes.ts" path="/Users/edgar/Desktop/Edgar/volvo/congestion-tax-calculator/src/apps/routes/tax.routes.ts">
        <metrics statements="4" coveredstatements="4" conditionals="0" coveredconditionals="0" methods="1" coveredmethods="1"/>
        <line num="3" count="2" type="stmt"/>
        <line num="5" count="2" type="stmt"/>
        <line num="6" count="2" type="stmt"/>
        <line num="8" count="2" type="stmt"/>
      </file>
    </package>
    <package name="src.context.TaxCalculator.application">
      <metrics statements="23" coveredstatements="23" conditionals="5" coveredconditionals="4" methods="6" coveredmethods="6"/>
      <file name="GetTaxCalculator.ts" path="/Users/edgar/Desktop/Edgar/volvo/congestion-tax-calculator/src/context/TaxCalculator/application/GetTaxCalculator.ts">
        <metrics statements="23" coveredstatements="23" conditionals="5" coveredconditionals="4" methods="6" coveredmethods="6"/>
        <line num="1" count="2" type="stmt"/>
        <line num="3" count="2" type="stmt"/>
        <line num="5" count="2" type="stmt"/>
        <line num="8" count="2" type="stmt"/>
        <line num="13" count="2" type="stmt"/>
        <line num="14" count="2" type="stmt"/>
        <line num="15" count="2" type="stmt"/>
        <line num="16" count="2" type="stmt"/>
        <line num="19" count="2" type="stmt"/>
        <line num="20" count="2" type="stmt"/>
        <line num="21" count="2" type="cond" truecount="1" falsecount="0"/>
        <line num="22" count="1" type="stmt"/>
        <line num="28" count="1" type="stmt"/>
        <line num="29" count="7" type="stmt"/>
        <line num="31" count="1" type="stmt"/>
        <line num="33" count="1" type="stmt"/>
        <line num="40" count="2" type="stmt"/>
        <line num="41" count="2" type="stmt"/>
        <line num="42" count="2" type="stmt"/>
        <line num="44" count="2" type="cond" truecount="1" falsecount="1"/>
        <line num="47" count="2" type="stmt"/>
        <line num="48" count="2" type="stmt"/>
        <line num="53" count="2" type="stmt"/>
      </file>
    </package>
    <package name="src.context.TaxCalculator.domain">
      <metrics statements="82" coveredstatements="82" conditionals="29" coveredconditionals="29" methods="18" coveredmethods="18"/>
      <file name="TaxCalculator.ts" path="/Users/edgar/Desktop/Edgar/volvo/congestion-tax-calculator/src/context/TaxCalculator/domain/TaxCalculator.ts">
        <metrics statements="34" coveredstatements="34" conditionals="6" coveredconditionals="6" methods="7" coveredmethods="7"/>
        <line num="2" count="3" type="stmt"/>
        <line num="8" count="3" type="stmt"/>
        <line num="11" count="3" type="stmt"/>
        <line num="12" count="3" type="stmt"/>
        <line num="13" count="3" type="stmt"/>
        <line num="15" count="3" type="stmt"/>
        <line num="16" count="3" type="stmt"/>
        <line num="17" count="3" type="stmt"/>
        <line num="20" count="3" type="stmt"/>
        <line num="21" count="13" type="stmt"/>
        <line num="23" count="13" type="stmt"/>
        <line num="24" count="33" type="stmt"/>
        <line num="25" count="33" type="cond" truecount="3" falsecount="0"/>
        <line num="26" count="33" type="stmt"/>
        <line num="29" count="13" type="cond" truecount="2" falsecount="0"/>
        <line num="32" count="3" type="stmt"/>
        <line num="33" count="20" type="stmt"/>
        <line num="34" count="20" type="stmt"/>
        <line num="35" count="20" type="stmt"/>
        <line num="38" count="3" type="stmt"/>
        <line num="39" count="5" type="stmt"/>
        <line num="40" count="33" type="stmt"/>
        <line num="41" count="33" type="stmt"/>
        <line num="42" count="33" type="stmt"/>
        <line num="44" count="33" type="cond" truecount="1" falsecount="0"/>
        <line num="45" count="33" type="stmt"/>
        <line num="46" count="33" type="stmt"/>
        <line num="49" count="5" type="stmt"/>
        <line num="50" count="13" type="stmt"/>
        <line num="51" count="13" type="stmt"/>
        <line num="52" count="13" type="stmt"/>
        <line num="54" count="13" type="stmt"/>
        <line num="57" count="5" type="stmt"/>
        <line num="59" count="3" type="stmt"/>
      </file>
      <file name="constants.ts" path="/Users/edgar/Desktop/Edgar/volvo/congestion-tax-calculator/src/context/TaxCalculator/domain/constants.ts">
        <metrics statements="11" coveredstatements="11" conditionals="4" coveredconditionals="4" methods="2" coveredmethods="2"/>
        <line num="1" count="5" type="cond" truecount="2" falsecount="0"/>
        <line num="2" count="5" type="stmt"/>
        <line num="3" count="5" type="stmt"/>
        <line num="4" count="5" type="stmt"/>
        <line num="5" count="5" type="stmt"/>
        <line num="6" count="5" type="stmt"/>
        <line num="7" count="5" type="stmt"/>
        <line num="10" count="5" type="cond" truecount="2" falsecount="0"/>
        <line num="11" count="5" type="stmt"/>
        <line num="12" count="5" type="stmt"/>
        <line num="17" count="5" type="stmt"/>
      </file>
      <file name="getTallFee.ts" path="/Users/edgar/Desktop/Edgar/volvo/congestion-tax-calculator/src/context/TaxCalculator/domain/getTallFee.ts">
        <metrics statements="15" coveredstatements="15" conditionals="11" coveredconditionals="11" methods="4" coveredmethods="4"/>
        <line num="2" count="4" type="stmt"/>
        <line num="3" count="4" type="stmt"/>
        <line num="15" count="4" type="stmt"/>
        <line num="16" count="38" type="cond" truecount="3" falsecount="0"/>
        <line num="18" count="30" type="stmt"/>
        <line num="19" count="30" type="stmt"/>
        <line num="21" count="30" type="stmt"/>
        <line num="22" count="84" type="stmt"/>
        <line num="23" count="166" type="stmt"/>
        <line num="24" count="166" type="stmt"/>
        <line num="26" count="166" type="stmt"/>
        <line num="34" count="30" type="cond" truecount="2" falsecount="0"/>
        <line num="37" count="4" type="stmt"/>
        <line num="38" count="332" type="stmt"/>
        <line num="39" count="332" type="stmt"/>
      </file>
      <file name="isTollFreeDate.ts" path="/Users/edgar/Desktop/Edgar/volvo/congestion-tax-calculator/src/context/TaxCalculator/domain/isTollFreeDate.ts">
        <metrics statements="19" coveredstatements="19" conditionals="8" coveredconditionals="8" methods="4" coveredmethods="4"/>
        <line num="7" count="5" type="stmt"/>
        <line num="20" count="5" type="stmt"/>
        <line num="21" count="5" type="stmt"/>
        <line num="23" count="5" type="stmt"/>
        <line num="24" count="44" type="stmt"/>
        <line num="25" count="44" type="stmt"/>
        <line num="26" count="44" type="stmt"/>
        <line num="27" count="44" type="stmt"/>
        <line num="29" count="44" type="cond" truecount="2" falsecount="0"/>
        <line num="31" count="44" type="cond" truecount="1" falsecount="0"/>
        <line num="33" count="31" type="cond" truecount="1" falsecount="0"/>
        <line num="35" count="30" type="cond" truecount="1" falsecount="0"/>
        <line num="37" count="29" type="stmt"/>
        <line num="39" count="29" type="cond" truecount="1" falsecount="0"/>
        <line num="41" count="28" type="stmt"/>
        <line num="44" count="31" type="cond" truecount="2" falsecount="0"/>
        <line num="46" count="5" type="stmt"/>
        <line num="47" count="31" type="stmt"/>
        <line num="49" count="29" type="stmt"/>
      </file>
      <file name="isTollFreeVehicle.ts" path="/Users/edgar/Desktop/Edgar/volvo/congestion-tax-calculator/src/context/TaxCalculator/domain/isTollFreeVehicle.ts">
        <metrics statements="3" coveredstatements="3" conditionals="0" coveredconditionals="0" methods="1" coveredmethods="1"/>
        <line num="1" count="5" type="stmt"/>
        <line num="3" count="5" type="stmt"/>
        <line num="4" count="40" type="stmt"/>
      </file>
    </package>
    <package name="src.shared">
      <metrics statements="3" coveredstatements="3" conditionals="4" coveredconditionals="3" methods="1" coveredmethods="1"/>
      <file name="config.ts" path="/Users/edgar/Desktop/Edgar/volvo/congestion-tax-calculator/src/shared/config.ts">
        <metrics statements="3" coveredstatements="3" conditionals="4" coveredconditionals="3" methods="1" coveredmethods="1"/>
        <line num="1" count="2" type="stmt"/>
        <line num="2" count="2" type="cond" truecount="3" falsecount="1"/>
        <line num="3" count="2" type="stmt"/>
      </file>
    </package>
  </project>
</coverage>
