{"/Users/edgar/Desktop/Edgar/volvo/congestion-tax-calculator/src/Car/domain/isTollFreeDate.ts": {"path":"/Users/edgar/Desktop/Edgar/volvo/congestion-tax-calculator/src/Car/domain/isTollFreeDate.ts","statementMap":{"0":{"start":{"line":7,"column":38},"end":{"line":18,"column":2}},"1":{"start":{"line":20,"column":17},"end":{"line":20,"column":18}},"2":{"start":{"line":21,"column":15},"end":{"line":21,"column":16}},"3":{"start":{"line":24,"column":22},"end":{"line":24,"column":40}},"4":{"start":{"line":25,"column":23},"end":{"line":25,"column":42}},"5":{"start":{"line":26,"column":21},"end":{"line":26,"column":34}},"6":{"start":{"line":27,"column":28},"end":{"line":27,"column":42}},"7":{"start":{"line":29,"column":1},"end":{"line":29,"column":40}},"8":{"start":{"line":29,"column":27},"end":{"line":29,"column":40}},"9":{"start":{"line":31,"column":1},"end":{"line":31,"column":42}},"10":{"start":{"line":31,"column":30},"end":{"line":31,"column":42}},"11":{"start":{"line":33,"column":1},"end":{"line":33,"column":66}},"12":{"start":{"line":33,"column":54},"end":{"line":33,"column":66}},"13":{"start":{"line":35,"column":1},"end":{"line":35,"column":14}},"14":{"start":{"line":23,"column":0},"end":{"line":23,"column":16}},"15":{"start":{"line":38,"column":34},"end":{"line":38,"column":63}},"16":{"start":{"line":38,"column":60},"end":{"line":38,"column":95}},"17":{"start":{"line":38,"column":13},"end":{"line":38,"column":34}}},"fnMap":{"0":{"name":"isTollFreeDate","decl":{"start":{"line":23,"column":16},"end":{"line":23,"column":30}},"loc":{"start":{"line":23,"column":41},"end":{"line":36,"column":1}}},"1":{"name":"(anonymous_1)","decl":{"start":{"line":38,"column":34},"end":{"line":38,"column":35}},"loc":{"start":{"line":38,"column":46},"end":{"line":38,"column":63}}}},"branchMap":{"0":{"loc":{"start":{"line":29,"column":1},"end":{"line":29,"column":40}},"type":"if","locations":[{"start":{"line":29,"column":1},"end":{"line":29,"column":40}}]},"1":{"loc":{"start":{"line":31,"column":1},"end":{"line":31,"column":42}},"type":"if","locations":[{"start":{"line":31,"column":1},"end":{"line":31,"column":42}}]},"2":{"loc":{"start":{"line":33,"column":1},"end":{"line":33,"column":66}},"type":"if","locations":[{"start":{"line":33,"column":1},"end":{"line":33,"column":66}}]},"3":{"loc":{"start":{"line":38,"column":60},"end":{"line":38,"column":94}},"type":"binary-expr","locations":[{"start":{"line":38,"column":60},"end":{"line":38,"column":76}},{"start":{"line":38,"column":80},"end":{"line":38,"column":94}}]}},"s":{"0":1,"1":1,"2":1,"3":4,"4":4,"5":4,"6":4,"7":4,"8":1,"9":3,"10":1,"11":2,"12":1,"13":1,"14":1,"15":1,"16":3,"17":1},"f":{"0":4,"1":3},"b":{"0":[1],"1":[1],"2":[1],"3":[3,2]}}
}
