{"/Users/edgar/Desktop/Edgar/volvo/congestion-tax-calculator/src/Car/domain/Card.ts": {"path":"/Users/edgar/Desktop/Edgar/volvo/congestion-tax-calculator/src/Car/domain/Card.ts","statementMap":{"0":{"start":{"line":3,"column":0},"end":{"line":3,"column":13}},"1":{"start":{"line":4,"column":1},"end":{"line":6,"column":null}},"2":{"start":{"line":5,"column":2},"end":{"line":5,"column":15}},"3":{"start":{"line":7,"column":0},"end":{"line":7,"column":null}},"4":{"start":{"line":3,"column":13},"end":{"line":3,"column":16}}},"fnMap":{"0":{"name":"(anonymous_0)","decl":{"start":{"line":3,"column":0},"end":{"line":3,"column":13}},"loc":{"start":{"line":3,"column":0},"end":{"line":7,"column":null}}},"1":{"name":"(anonymous_2)","decl":{"start":{"line":4,"column":1},"end":{"line":4,"column":15}},"loc":{"start":{"line":4,"column":1},"end":{"line":6,"column":2}}}},"branchMap":{},"s":{"0":1,"1":1,"2":0,"3":1,"4":1},"f":{"0":2,"1":0},"b":{}}
,"/Users/edgar/Desktop/Edgar/volvo/congestion-tax-calculator/src/Car/domain/getTallFee.ts": {"path":"/Users/edgar/Desktop/Edgar/volvo/congestion-tax-calculator/src/Car/domain/getTallFee.ts","statementMap":{"0":{"start":{"line":1,"column":0},"end":{"line":1,"column":50}},"1":{"start":{"line":2,"column":0},"end":{"line":2,"column":56}},"2":{"start":{"line":5,"column":0},"end":{"line":5,"column":null}},"3":{"start":{"line":6,"column":1},"end":{"line":6,"column":null}},"4":{"start":{"line":7,"column":1},"end":{"line":7,"column":null}},"5":{"start":{"line":8,"column":1},"end":{"line":8,"column":null}},"6":{"start":{"line":9,"column":1},"end":{"line":9,"column":null}},"7":{"start":{"line":12,"column":26},"end":{"line":41,"column":2}},"8":{"start":{"line":43,"column":27},"end":{"line":49,"column":1}},"9":{"start":{"line":44,"column":26},"end":{"line":44,"column":42}},"10":{"start":{"line":44,"column":13},"end":{"line":44,"column":15}},"11":{"start":{"line":44,"column":22},"end":{"line":44,"column":26}},"12":{"start":{"line":45,"column":1},"end":{"line":48,"column":3}},"13":{"start":{"line":52,"column":1},"end":{"line":52,"column":84}},"14":{"start":{"line":52,"column":75},"end":{"line":52,"column":84}},"15":{"start":{"line":54,"column":22},"end":{"line":54,"column":37}},"16":{"start":{"line":55,"column":24},"end":{"line":55,"column":41}},"17":{"start":{"line":57,"column":22},"end":{"line":68,"column":3}},"18":{"start":{"line":58,"column":2},"end":{"line":67,"column":5}},"19":{"start":{"line":59,"column":24},"end":{"line":59,"column":58}},"20":{"start":{"line":60,"column":22},"end":{"line":60,"column":54}},"21":{"start":{"line":62,"column":3},"end":{"line":66,"column":5}},"22":{"start":{"line":70,"column":1},"end":{"line":70,"column":46}},"23":{"start":{"line":51,"column":0},"end":{"line":51,"column":16}}},"fnMap":{"0":{"name":"(anonymous_0)","decl":{"start":{"line":5,"column":0},"end":{"line":5,"column":5}},"loc":{"start":{"line":5,"column":14},"end":{"line":10,"column":1}}},"1":{"name":"(anonymous_1)","decl":{"start":{"line":43,"column":27},"end":{"line":43,"column":28}},"loc":{"start":{"line":43,"column":41},"end":{"line":49,"column":1}}},"2":{"name":"getTollFee","decl":{"start":{"line":51,"column":16},"end":{"line":51,"column":26}},"loc":{"start":{"line":51,"column":56},"end":{"line":71,"column":1}}},"3":{"name":"(anonymous_3)","decl":{"start":{"line":57,"column":45},"end":{"line":57,"column":46}},"loc":{"start":{"line":57,"column":51},"end":{"line":68,"column":2}}},"4":{"name":"(anonymous_4)","decl":{"start":{"line":58,"column":29},"end":{"line":58,"column":30}},"loc":{"start":{"line":58,"column":38},"end":{"line":67,"column":3}}}},"branchMap":{"0":{"loc":{"start":{"line":5,"column":5},"end":{"line":5,"column":null}},"type":"binary-expr","locations":[{"start":{"line":5,"column":5},"end":{"line":5,"column":14}},{"start":{"line":5,"column":5},"end":{"line":5,"column":null}}]},"1":{"loc":{"start":{"line":52,"column":1},"end":{"line":52,"column":84}},"type":"if","locations":[{"start":{"line":52,"column":1},"end":{"line":52,"column":84}}]},"2":{"loc":{"start":{"line":52,"column":5},"end":{"line":52,"column":73}},"type":"binary-expr","locations":[{"start":{"line":52,"column":5},"end":{"line":52,"column":25}},{"start":{"line":52,"column":29},"end":{"line":52,"column":73}}]},"3":{"loc":{"start":{"line":63,"column":4},"end":{"line":65,"column":92}},"type":"binary-expr","locations":[{"start":{"line":63,"column":5},"end":{"line":63,"column":30}},{"start":{"line":64,"column":6},"end":{"line":64,"column":33}},{"start":{"line":64,"column":37},"end":{"line":64,"column":67}},{"start":{"line":65,"column":5},"end":{"line":65,"column":28}},{"start":{"line":65,"column":33},"end":{"line":65,"column":58}},{"start":{"line":65,"column":62},"end":{"line":65,"column":90}}]},"4":{"loc":{"start":{"line":70,"column":8},"end":{"line":70,"column":45}},"type":"cond-expr","locations":[{"start":{"line":70,"column":23},"end":{"line":70,"column":41}},{"start":{"line":70,"column":44},"end":{"line":70,"column":45}}]}},"s":{"0":1,"1":1,"2":1,"3":1,"4":1,"5":1,"6":1,"7":1,"8":1,"9":0,"10":0,"11":0,"12":0,"13":1,"14":1,"15":0,"16":0,"17":0,"18":0,"19":0,"20":0,"21":0,"22":0,"23":1},"f":{"0":1,"1":0,"2":1,"3":0,"4":0},"b":{"0":[1,1],"1":[1],"2":[1,0],"3":[0,0,0,0,0,0],"4":[0,0]}}
,"/Users/edgar/Desktop/Edgar/volvo/congestion-tax-calculator/src/Car/domain/isTollFreeDate.ts": {"path":"/Users/edgar/Desktop/Edgar/volvo/congestion-tax-calculator/src/Car/domain/isTollFreeDate.ts","statementMap":{"0":{"start":{"line":7,"column":38},"end":{"line":18,"column":2}},"1":{"start":{"line":20,"column":17},"end":{"line":20,"column":18}},"2":{"start":{"line":21,"column":15},"end":{"line":21,"column":16}},"3":{"start":{"line":24,"column":22},"end":{"line":24,"column":40}},"4":{"start":{"line":25,"column":23},"end":{"line":25,"column":42}},"5":{"start":{"line":26,"column":21},"end":{"line":26,"column":34}},"6":{"start":{"line":27,"column":28},"end":{"line":27,"column":42}},"7":{"start":{"line":29,"column":1},"end":{"line":29,"column":40}},"8":{"start":{"line":29,"column":27},"end":{"line":29,"column":40}},"9":{"start":{"line":31,"column":1},"end":{"line":31,"column":42}},"10":{"start":{"line":31,"column":30},"end":{"line":31,"column":42}},"11":{"start":{"line":33,"column":1},"end":{"line":33,"column":66}},"12":{"start":{"line":33,"column":54},"end":{"line":33,"column":66}},"13":{"start":{"line":35,"column":24},"end":{"line":35,"column":65}},"14":{"start":{"line":37,"column":1},"end":{"line":37,"column":33}},"15":{"start":{"line":37,"column":21},"end":{"line":37,"column":33}},"16":{"start":{"line":39,"column":1},"end":{"line":39,"column":14}},"17":{"start":{"line":23,"column":0},"end":{"line":23,"column":16}},"18":{"start":{"line":42,"column":34},"end":{"line":42,"column":63}},"19":{"start":{"line":42,"column":60},"end":{"line":42,"column":95}},"20":{"start":{"line":42,"column":13},"end":{"line":42,"column":34}},"21":{"start":{"line":44,"column":32},"end":{"line":48,"column":1}},"22":{"start":{"line":45,"column":24},"end":{"line":45,"column":96}},"23":{"start":{"line":45,"column":69},"end":{"line":45,"column":96}},"24":{"start":{"line":47,"column":1},"end":{"line":47,"column":25}},"25":{"start":{"line":44,"column":13},"end":{"line":44,"column":32}}},"fnMap":{"0":{"name":"isTollFreeDate","decl":{"start":{"line":23,"column":16},"end":{"line":23,"column":30}},"loc":{"start":{"line":23,"column":41},"end":{"line":40,"column":1}}},"1":{"name":"(anonymous_1)","decl":{"start":{"line":42,"column":34},"end":{"line":42,"column":35}},"loc":{"start":{"line":42,"column":46},"end":{"line":42,"column":63}}},"2":{"name":"(anonymous_2)","decl":{"start":{"line":44,"column":32},"end":{"line":44,"column":33}},"loc":{"start":{"line":44,"column":80},"end":{"line":48,"column":1}}},"3":{"name":"(anonymous_3)","decl":{"start":{"line":45,"column":56},"end":{"line":45,"column":57}},"loc":{"start":{"line":45,"column":64},"end":{"line":45,"column":79}}}},"branchMap":{"0":{"loc":{"start":{"line":29,"column":1},"end":{"line":29,"column":40}},"type":"if","locations":[{"start":{"line":29,"column":1},"end":{"line":29,"column":40}}]},"1":{"loc":{"start":{"line":31,"column":1},"end":{"line":31,"column":42}},"type":"if","locations":[{"start":{"line":31,"column":1},"end":{"line":31,"column":42}}]},"2":{"loc":{"start":{"line":33,"column":1},"end":{"line":33,"column":66}},"type":"if","locations":[{"start":{"line":33,"column":1},"end":{"line":33,"column":66}}]},"3":{"loc":{"start":{"line":37,"column":1},"end":{"line":37,"column":33}},"type":"if","locations":[{"start":{"line":37,"column":1},"end":{"line":37,"column":33}}]},"4":{"loc":{"start":{"line":42,"column":60},"end":{"line":42,"column":94}},"type":"binary-expr","locations":[{"start":{"line":42,"column":60},"end":{"line":42,"column":76}},{"start":{"line":42,"column":80},"end":{"line":42,"column":94}}]}},"s":{"0":2,"1":2,"2":2,"3":6,"4":6,"5":6,"6":6,"7":6,"8":1,"9":5,"10":1,"11":4,"12":2,"13":2,"14":2,"15":1,"16":1,"17":2,"18":2,"19":5,"20":2,"21":2,"22":2,"23":2,"24":2,"25":2},"f":{"0":6,"1":5,"2":2,"3":2},"b":{"0":[1],"1":[1],"2":[2],"3":[1],"4":[5,4]}}
}
