TN:
SF:src/app.ts
FNF:0
FNH:0
DA:1,2
DA:2,2
DA:4,2
DA:5,2
DA:8,2
DA:9,2
DA:12,2
DA:14,2
DA:15,2
DA:17,2
DA:19,2
DA:21,2
LF:12
LH:12
BRDA:12,0,0,0
BRDA:12,0,1,2
BRDA:12,1,0,2
BRDA:12,1,1,2
BRF:4
BRH:3
end_of_record
TN:
SF:src/apps/Controllers/StatusGetController.ts
FN:5,(anonymous_13)
FN:6,(anonymous_15)
FNF:2
FNH:2
FNDA:4,(anonymous_13)
FNDA:1,(anonymous_15)
DA:5,2
DA:6,2
DA:7,1
DA:9,2
LF:4
LH:4
BRF:0
BRH:0
end_of_record
TN:
SF:src/apps/Controllers/TaxCalculatorPostController.ts
FN:8,(anonymous_13)
FN:9,(anonymous_15)
FNF:2
FNH:2
FNDA:4,(anonymous_13)
FNDA:2,(anonymous_15)
DA:5,2
DA:8,2
DA:9,2
DA:10,2
DA:11,2
DA:17,2
DA:19,2
DA:21,2
DA:23,2
DA:29,2
DA:31,0
DA:34,2
LF:12
LH:11
BRDA:21,0,0,1
BRDA:21,0,1,1
BRF:2
BRH:2
end_of_record
TN:
SF:src/apps/routes/index.ts
FN:6,(anonymous_0)
FNF:1
FNH:1
FNDA:2,(anonymous_0)
DA:3,2
DA:4,2
DA:6,2
DA:7,2
DA:8,2
LF:5
LH:5
BRF:0
BRH:0
end_of_record
TN:
SF:src/apps/routes/status.routes.ts
FN:5,(anonymous_0)
FNF:1
FNH:1
FNDA:2,(anonymous_0)
DA:3,2
DA:5,2
DA:6,2
DA:8,2
LF:4
LH:4
BRF:0
BRH:0
end_of_record
TN:
SF:src/apps/routes/tax.routes.ts
FN:5,(anonymous_0)
FNF:1
FNH:1
FNDA:2,(anonymous_0)
DA:3,2
DA:5,2
DA:6,2
DA:8,2
LF:4
LH:4
BRF:0
BRH:0
end_of_record
TN:
SF:src/context/TaxCalculator/application/GetTaxCalculator.ts
FN:8,(anonymous_6)
FN:13,GetTaxCalculator
FN:40,(anonymous_8)
FN:19,(anonymous_9)
FN:29,(anonymous_10)
FN:47,(anonymous_11)
FNF:6
FNH:6
FNDA:2,(anonymous_6)
FNDA:2,GetTaxCalculator
FNDA:2,(anonymous_8)
FNDA:2,(anonymous_9)
FNDA:7,(anonymous_10)
FNDA:2,(anonymous_11)
DA:1,2
DA:3,2
DA:5,2
DA:8,2
DA:13,2
DA:14,2
DA:15,2
DA:16,2
DA:19,2
DA:20,2
DA:21,2
DA:22,1
DA:28,1
DA:29,7
DA:31,1
DA:33,1
DA:40,2
DA:41,2
DA:42,2
DA:44,2
DA:47,2
DA:48,2
DA:53,2
LF:23
LH:23
BRDA:44,0,0,2
BRDA:44,0,1,0
BRDA:21,1,0,1
BRDA:49,2,0,2
BRDA:49,2,1,1
BRF:5
BRH:4
end_of_record
TN:
SF:src/context/TaxCalculator/domain/TaxCalculator.ts
FN:8,(anonymous_0)
FN:15,TaxCalculator
FN:32,(anonymous_2)
FN:38,(anonymous_3)
FN:39,(anonymous_4)
FN:49,(anonymous_5)
FN:20,(anonymous_6)
FNF:7
FNH:7
FNDA:3,(anonymous_0)
FNDA:3,TaxCalculator
FNDA:20,(anonymous_2)
FNDA:5,(anonymous_3)
FNDA:33,(anonymous_4)
FNDA:13,(anonymous_5)
FNDA:13,(anonymous_6)
DA:2,3
DA:8,3
DA:11,3
DA:12,3
DA:13,3
DA:15,3
DA:16,3
DA:17,3
DA:20,3
DA:21,13
DA:23,13
DA:24,33
DA:25,33
DA:26,33
DA:29,13
DA:32,3
DA:33,20
DA:34,20
DA:35,20
DA:38,3
DA:39,5
DA:40,33
DA:41,33
DA:42,33
DA:44,33
DA:45,33
DA:46,33
DA:49,5
DA:50,13
DA:51,13
DA:52,13
DA:54,13
DA:57,5
DA:59,3
LF:34
LH:34
BRDA:44,0,0,13
BRDA:25,1,0,33
BRDA:25,2,0,33
BRDA:25,2,1,20
BRDA:29,3,0,1
BRDA:29,3,1,12
BRF:6
BRH:6
end_of_record
TN:
SF:src/context/TaxCalculator/domain/constants.ts
FN:1,(anonymous_0)
FN:10,(anonymous_1)
FNF:2
FNH:2
FNDA:5,(anonymous_0)
FNDA:5,(anonymous_1)
DA:1,5
DA:2,5
DA:3,5
DA:4,5
DA:5,5
DA:6,5
DA:7,5
DA:10,5
DA:11,5
DA:12,5
DA:17,5
LF:11
LH:11
BRDA:1,0,0,5
BRDA:1,0,1,5
BRDA:10,1,0,5
BRDA:10,1,1,5
BRF:4
BRH:4
end_of_record
TN:
SF:src/context/TaxCalculator/domain/getTallFee.ts
FN:15,getTollFee
FN:21,(anonymous_1)
FN:22,(anonymous_2)
FN:37,(anonymous_3)
FNF:4
FNH:4
FNDA:38,getTollFee
FNDA:84,(anonymous_1)
FNDA:166,(anonymous_2)
FNDA:332,(anonymous_3)
DA:2,4
DA:3,4
DA:15,4
DA:16,38
DA:18,30
DA:19,30
DA:21,30
DA:22,84
DA:23,166
DA:24,166
DA:26,166
DA:34,30
DA:37,4
DA:38,332
DA:39,332
LF:15
LH:15
BRDA:16,0,0,8
BRDA:16,1,0,38
BRDA:16,1,1,38
BRDA:27,2,0,166
BRDA:27,2,1,109
BRDA:27,2,2,39
BRDA:27,2,3,89
BRDA:27,2,4,85
BRDA:27,2,5,28
BRDA:34,3,0,29
BRDA:34,3,1,1
BRF:11
BRH:11
end_of_record
TN:
SF:src/context/TaxCalculator/domain/isTollFreeDate.ts
FN:23,isTollFreeDate
FN:44,(anonymous_1)
FN:46,(anonymous_2)
FN:47,(anonymous_3)
FNF:4
FNH:4
FNDA:44,isTollFreeDate
FNDA:31,(anonymous_1)
FNDA:29,(anonymous_2)
FNDA:31,(anonymous_3)
DA:7,5
DA:20,5
DA:21,5
DA:23,5
DA:24,44
DA:25,44
DA:26,44
DA:27,44
DA:29,44
DA:31,44
DA:33,31
DA:35,30
DA:37,29
DA:39,29
DA:41,28
DA:44,31
DA:46,5
DA:47,31
DA:49,29
LF:19
LH:19
BRDA:29,0,0,44
BRDA:29,0,1,43
BRDA:31,1,0,13
BRDA:33,2,0,1
BRDA:35,3,0,1
BRDA:39,4,0,1
BRDA:44,5,0,31
BRDA:44,5,1,30
BRF:8
BRH:8
end_of_record
TN:
SF:src/context/TaxCalculator/domain/isTollFreeVehicle.ts
FN:3,isTollFreeVehicle
FNF:1
FNH:1
FNDA:40,isTollFreeVehicle
DA:1,5
DA:3,5
DA:4,40
LF:3
LH:3
BRF:0
BRH:0
end_of_record
TN:
SF:src/shared/config.ts
FN:1,(anonymous_0)
FNF:1
FNH:1
FNDA:4,(anonymous_0)
DA:1,2
DA:2,2
DA:3,2
LF:3
LH:3
BRDA:2,0,0,0
BRDA:2,0,1,2
BRDA:2,1,0,2
BRDA:2,1,1,2
BRF:4
BRH:3
end_of_record
