TN:
SF:src/Car/domain/Card.ts
FN:3,(anonymous_0)
FN:4,(anonymous_2)
FNF:2
FNH:1
FNDA:2,(anonymous_0)
FNDA:0,(anonymous_2)
DA:3,1
DA:4,1
DA:5,0
DA:7,1
LF:4
LH:3
BRF:0
BRH:0
end_of_record
TN:
SF:src/Car/domain/getTallFee.ts
FN:5,(anonymous_0)
FN:43,(anonymous_1)
FN:51,getTollFee
FN:57,(anonymous_3)
FN:58,(anonymous_4)
FNF:5
FNH:2
FNDA:1,(anonymous_0)
FNDA:0,(anonymous_1)
FNDA:1,getTollFee
FNDA:0,(anonymous_3)
FNDA:0,(anonymous_4)
DA:1,1
DA:2,1
DA:5,1
DA:6,1
DA:7,1
DA:8,1
DA:9,1
DA:12,1
DA:43,1
DA:44,0
DA:45,0
DA:51,1
DA:52,1
DA:54,0
DA:55,0
DA:57,0
DA:58,0
DA:59,0
DA:60,0
DA:62,0
DA:70,0
LF:21
LH:11
BRDA:5,0,0,1
BRDA:5,0,1,1
BRDA:52,1,0,1
BRDA:52,2,0,1
BRDA:52,2,1,0
BRDA:63,3,0,0
BRDA:63,3,1,0
BRDA:63,3,2,0
BRDA:63,3,3,0
BRDA:63,3,4,0
BRDA:63,3,5,0
BRDA:70,4,0,0
BRDA:70,4,1,0
BRF:13
BRH:4
end_of_record
TN:
SF:src/Car/domain/isTollFreeDate.ts
FN:23,isTollFreeDate
FN:42,(anonymous_1)
FN:44,(anonymous_2)
FN:45,(anonymous_3)
FNF:4
FNH:4
FNDA:6,isTollFreeDate
FNDA:5,(anonymous_1)
FNDA:2,(anonymous_2)
FNDA:2,(anonymous_3)
DA:7,2
DA:20,2
DA:21,2
DA:23,2
DA:24,6
DA:25,6
DA:26,6
DA:27,6
DA:29,6
DA:31,5
DA:33,4
DA:35,2
DA:37,2
DA:39,1
DA:42,5
DA:44,2
DA:45,2
DA:47,2
LF:18
LH:18
BRDA:29,0,0,1
BRDA:31,1,0,1
BRDA:33,2,0,2
BRDA:37,3,0,1
BRDA:42,4,0,5
BRDA:42,4,1,4
BRF:6
BRH:6
end_of_record
